<?xml version="1.0" encoding="UTF-8"?>
<!-- Generated by org.testng.reporters.JUnitReportReporter -->
<testsuite hostname="EPAMYERW007F" failures="0" tests="1" name="runner.TestRunner" time="5.264" errors="0" timestamp="10 Jun 2021 17:36:32 GMT" skipped="0">
  <testcase classname="runner.TestRunner" name="runScenario" time="5.264"/>
</testsuite> <!-- runner.TestRunner -->
